(0.1, 0.1, 0.1, 0.1, 0.1, 0.1, 0.1, 0.1, 0.1, 0.1, 0.1, 0.1, 0.1, 0.1, 0.1, 0.1, 0.1, 0.1, 0.1, 0.1, 0.1, 0.1, 0.1, 0.1, 0.1, 0.1, 0.1, 0.1, 0.1, 0.1, 0.1, 0.1, 0.1, 0.1, 0.1, 0.1, 0.1, 0.1, 0.1, 0.1, 0.1, 0.1, 0.1, 0.1, 0.1, 0.1, 0.1, 0.1, 0.1, 0.1, 0.1, 0.1, 0.1, 0.1, 0.1, 0.1, 0.1, 0.1, 0.1, 0.1, 0.1, 0.1, 0.1, 0.1, 0.1, 0.1, 0.1, 0.1, 0.1, 0.1, 0.1, 0.1, 0.1, 0.1, 0.1, 0.1, 0.1, 0.1, 0.1, 0.1, 0.1, 0.1, 0.1, 0.1, 0.1, 0.1, 0.1, 0.1, 0.1, 0.1, 0.1, 0.1, 0.1, 0.1, 0.1, 0.1, 0.1, 0.1, 0.1, 0.1, 0.1, 0.1, 0.1, 0.1, 0.1, 0.1, 0.1, 0.1, 0.1, 0.1, 0.1, 0.1, 0.1, 0.1, 0.1, 0.1, 0.1, 0.1, 0.1, 0.1, 0.1, 0.1, 0.1, 0.1, 0.1, 0.1, 0.1, 0.1, 0.1, 0.1, 0.1, 0.1, 0.1, 0.1, 0.1, 0.1, 0.1, 0.1, 0.1, 0.1, 0.1, 0.1, 0.1, 0.1, 0.1, 0.1, 0.1, 0.1, 0.1, 0.1, 0.1, 0.1, 0.1, 0.1, 0.1, 0.1, 0.1, 0.1, 0.1, 0.1, 0.1, 0.1, 0.1, 0.1, 0.1, 0.1, 0.1, 0.1, 0.1, 0.1, 0.1, 0.1, 0.1, 0.1, 0.1, 0.1, 0.1, 0.1, 0.1, 0.1, 0.1, 0.1, 0.1, 0.1, 0.1, 0.1, 0.1, 0.1, 0.1, 0.1, 0.1, 0.1, 0.1, 0.1, 0.1, 0.1, 0.1, 0.1, 0.1, 0.1, 0.1, 0.1, 0.1, 0.1, 0.1, 0.1, 0.1, 0.1, 0.1, 0.1, 0.1, 0.1, 0.1, 0.1, 0.1, 0.1, 0.1, 0.1, 0.1, 0.1, 0.1, 0.1, 0.1, 0.1, 0.1, 0.1, 0.1, 0.1, 0.1, 0.1, 0.1, 0.1, 0.1, 0.1, 0.1, 0.1, 0.1, 0.1, 0.1, 0.1, 0.1, 0.1, 0.1, 0.1, 0.1, 0.1, 0.1, 0.1, 0.1, 0.1, 0.1, 0.1, 0.1, 0.1, 0.1, 0.1, 0.1, 0.1, 0.1, 0.1, 0.1, 0.1, 0.1, 0.1, 0.1, 0.1, 0.1, 0.1, 0.1, 0.1, 0.1, 0.1, 0.1, 0.1, 0.1, 0.1, 0.1, 0.1, 0.1, 0.1, 0.1, 0.1, 0.1, 0.1, 0.1, 0.1, 0.1, 0.1, 0.1, 0.1, 0.1, 0.1, 0.1, 0.1, 0.1, 0.1, 0.1, 0.1, 0.1, 0.1, 0.1, 0.1, 0.1, 0.1, 0.1, 0.1, 0.1, 0.1, 0.1, 0.1, 0.1, 0.1, 0.1, 0.1, 0.1, 0.1, 0.1, 0.1, 0.1, 0.1, 0.1, 0.1, 0.1, 0.1, 0.1, 0.1, 0.1, 0.1, 0.1, 0.1, 0.1, 0.1, 0.1, 0.1, 0.1, 0.1, 0.1, 0.1, 0.1, 0.1, 0.1, 0.1, 0.1, 0.1, 0.1, 0.1, 0.1, 0.1, 0.1, 0.1, 0.1, 0.1, 0.1, 0.1, 0.1, 0.1, 0.1, 0.1, 0.1, 0.1, 0.1, 0.1, 0.1, 0.1, 0.1, 0.1, 0.1, 0.1, 0.1, 0.1, 0.1, 0.1, 0.1, 0.1, 0.1, 0.1, 0.1, 0.1, 0.1, 0.1, 0.1, 0.1, 0.1, 0.1, 0.1, 0.1, 0.1, 0.1, 0.1, 0.1, 0.1, 0.1, 0.1, 0.1, 0.1, 0.1, 0.1, 0.1, 0.1, 0.1, 0.1, 0.1, 0.1, 0.1, 0.1, 0.1, 0.1, 0.1, 0.1, 0.1, 0.1, 0.1, 0.1, 0.1, 0.1, 0.1, 0.1, 0.1, 0.1, 0.1, 0.1, 0.1, 0.1, 0.1, 0.1, 0.1, 0.1, 0.1, 0.1, 0.1, 0.1, 0.1, 0.1, 0.1, 0.1, 0.1, 0.1, 0.1, 0.1, 0.1, 0.1, 0.1, 0.1, 0.1, 0.1, 0.1, 0.1, 0.1, 0.1, 0.1, 0.1, 0.1, 0.1, 0.1, 0.1, 0.1, 0.1, 0.1, 0.1, 0.1, 0.1, 0.1, 0.1, 0.1, 0.1, 0.1, 0.1, 0.1, 0.1, 0.1, 0.1, 0.1, 0.1, 0.1, 0.1, 0.1, 0.1, 0.1, 0.1, 0.1, 0.1, 0.1, 0.1, 0.1, 0.1, 0.1, 0.1, 0.1, 0.1, 0.1, 0.1, 0.1, 0.1, 0.1, 0.1, 0.1, 0.1, 0.1, 0.1, 0.1, 0.1, 0.1, 0.1, 0.1, 0.1, 0.1, 0.1, 0.1, 0.1, 0.1, 0.1, 0.1, 0.1, 0.1, 0.1, 0.1, 0.1, 0.1, 0.1, 0.1, 0.1, 0.1, 0.1, 0.1, 0.1, 0.1, 0.1, 0.1, 0.1, 0.1, 0.1, 0.1, 0.1, 0.1, 0.1, 0.1, 0.1, 0.1, 0.1, 0.1, 0.1, 0.1, 0.1, 0.1, 0.1, 0.1, 0.1, 0.1, 0.1, 0.1, 0.1, 0.1, 0.1, 0.1, 0.1, 0.1, 0.1, 0.1, 0.1, 0.1, 0.1, 0.1, 0.1, 0.1, 0.1, 0.1, 0.1, 0.1, 0.1, 0.1, 0.1, 0.1, 0.1, 0.1, 0.1, 0.1, 0.1, 0.1, 0.1, 0.1, 0.1, 0.1, 0.1, 0.1, 0.1, 0.1, 0.1, 0.1, 0.1, 0.1, 0.1, 0.1, 0.1, 0.1, 0.1, 0.1, 0.1, 0.1, 0.1, 0.1, 0.1, 0.1, 0.1, 0.1, 0.1, 0.1, 0.1, 0.1, 0.1, 0.1, 0.1, 0.1, 0.1, 0.1, 0.1, 0.1, 0.1, 0.1, 0.1, 0.1, 0.1, 0.1, 0.1, 0.1, 0.1, 0.1, 0.1, 0.1, 0.1, 0.1, 0.1, 0.1, 0.1, 0.1, 0.1, 0.1, 0.1, 0.1, 0.1, 0.1, 0.1, 0.1, 0.1, 0.1, 0.1, 0.1, 0.1, 0.1, 0.1, 0.1, 0.1, 0.1, 0.1, 0.1, 0.1, 0.1, 0.1, 0.1, 0.1, 0.1, 0.1, 0.1, 0.1, 0.1, 0.1, 0.1, 0.1, 0.1, 0.1, 0.1, 0.1, 0.1, 0.1, 0.1, 0.1, 0.1, 0.1, 0.1, 0.1, 0.1, 0.1, 0.1, 0.1, 0.1, 0.1, 0.1, 0.1, 0.1, 0.1, 0.1, 0.1, 0.1, 0.1, 0.1, 0.1, 0.1, 0.1, 0.1, 0.1, 0.1, 0.1, 0.1, 0.1, 0.1, 0.1, 0.1, 0.1, 0.1, 0.1, 0.1, 0.1, 0.1, 0.1, 0.1, 0.1, 0.1, 0.1, 0.1, 0.1, 0.1, 0.1, 0.1, 0.1, 0.1, 0.1, 0.1, 0.1, 0.1, 0.1, 0.1, 0.1, 0.1, 0.1, 0.1, 0.1, 0.1, 0.1, 0.1, 0.1, 0.1, 0.1, 0.1, 0.1, 0.1, 0.1, 0.1, 0.1, 0.1, 0.1, 0.1, 0.1, 0.1, 0.1, 0.1, 0.1, 0.1, 0.1, 0.1, 0.1, 0.1, 0.1, 0.1, 0.1, 0.1, 0.1, 0.1, 0.1, 0.1, 0.1, 0.1, 0.1, 0.1, 0.1, 0.1, 0.1, 0.1, 0.1, 0.1, 0.1, 0.1, 0.1, 0.1, 0.1, 0.1, 0.1, 0.1, 0.1, 0.1, 0.1, 0.1, 0.1, 0.1, 0.1, 0.1, 0.1, 0.1, 0.1, 0.1, 0.1, 0.1, 0.1, 0.1, 0.1, 0.1, 0.1, 0.1, 0.1, 0.1, 0.1, 0.1, 0.1, 0.1, 0.1, 0.1, 0.1, 0.1, 0.1, 0.1, 0.1, 0.1, 0.1, 0.1, 0.1, 0.1, 0.1, 0.1, 0.1, 0.1, 0.1, 0.1, 0.1, 0.1, 0.1, 0.1, 0.1, 0.1, 0.1, 0.1, 0.1, 0.1, 0.1, 0.1, 0.1, 0.1, 0.1, 0.1, 0.1, 0.1, 0.1, 0.1, 0.1, 0.1, 0.1, 0.1, 0.1, 0.1, 0.1, 0.1, 0.1, 0.1, 0.1, 0.1, 0.1, 0.1, 0.1, 0.1, 0.1, 0.1, 0.1, 0.1, 0.1, 0.1, 0.1, 0.1, 0.1, 0.1, 0.1, 0.1, 0.1, 0.1, 0.1, 0.1, 0.1, 0.1, 0.1, 0.1, 0.1, 0.1, 0.1, 0.1, 0.1, 0.1, 0.1, 0.1, 0.1, 0.1, 0.1, 0.1, 0.1, 0.1, 0.1, 0.1, 0.1, 0.1, 0.1, 0.1, 0.1, 0.1, 0.1, 0.1, 0.1, 0.1, 0.1, 0.1, 0.1, 0.1, 0.1, 0.1, 0.1, 0.1, 0.1, 0.1, 0.1, 0.1, 0.1, 0.1, 0.1, 0.1, 0.1, 0.1, 0.1, 0.1, 0.1, 0.1, 0.1, 0.1, 0.1, 0.1, 0.1, 0.1, 0.1, 0.1, 0.1, 0.1, 0.1, 0.1, 0.1, 0.1, 0.1, 0.1, 0.1, 0.1, 0.1, 0.1, 0.1, 0.1, 0.1, 0.1, 0.1, 0.1, 0.1, 0.1, 0.1, 0.1, 0.1, 0.1, 0.1, 0.1, 0.1, 0.1, 0.1, 0.1, 0.1, 0.1, 0.1, 0.1, 0.1, 0.1, 0.1, 0.1, 0.1, 0.1, 0.1, 0.1, 0.1, 0.1, 0.1, 0.1, 0.1, 0.1, 0.1, 0.1, 0.1, 0.1, 0.1, 0.1, 0.1, 0.1, 0.1, 0.1)
  0%|          | 0/1 [00:00<?, ?it/s]11:29:43 - cmdstanpy - INFO - CmdStan start processing
11:44:19 - cmdstanpy - INFO - CmdStan done processing
11:44:19 - cmdstanpy - WARNING - Some chains may have failed to converge.
	Chain 1 had 1000 iterations at max treedepth (100.0%)
	Chain 2 had 970 iterations at max treedepth (97.0%)
	Chain 3 had 1000 iterations at max treedepth (100.0%)
	Chain 4 had 1000 iterations at max treedepth (100.0%)
	Use function "diagnose()" to see further information.
method = sample (Default)
sample
num_samples = 1000 (Default)
num_warmup = 1000 (Default)
save_warmup = 0 (Default)
thin = 1 (Default)
adapt
engaged = 1 (Default)
gamma = 0.050000000000000003 (Default)
delta = 0.80000000000000004 (Default)
kappa = 0.75 (Default)
t0 = 10 (Default)
init_buffer = 75 (Default)
term_buffer = 50 (Default)
window = 25 (Default)
algorithm = hmc (Default)
hmc
engine = nuts (Default)
nuts
max_depth = 10 (Default)
metric = diag_e (Default)
metric_file =  (Default)
stepsize = 1 (Default)
stepsize_jitter = 0 (Default)
num_chains = 4
id = 1 (Default)
data
file = /tmp/tmpsur0p8d6/sxfk_b4z.json
init = 0.1
random
seed = 20624
output
file = /tmp/tmpsur0p8d6/HypersphericalAngular_DirichletSymmetricfoeenho1/HypersphericalAngular_DirichletSymmetric-20221211112943.csv
diagnostic_file =  (Default)
refresh = 100 (Default)
sig_figs = -1 (Default)
profile_file = profile.csv (Default)
num_threads = 4 (Default)


Gradient evaluation took 0.001519 seconds
1000 transitions using 10 leapfrog steps per transition would take 15.19 seconds.
Adjust your expectations accordingly!



Gradient evaluation took 0.000839 seconds
1000 transitions using 10 leapfrog steps per transition would take 8.39 seconds.
Adjust your expectations accordingly!



Gradient evaluation took 0.000829 seconds
1000 transitions using 10 leapfrog steps per transition would take 8.29 seconds.
Adjust your expectations accordingly!



Gradient evaluation took 0.000835 seconds
1000 transitions using 10 leapfrog steps per transition would take 8.35 seconds.
Adjust your expectations accordingly!


Chain [1] Iteration:    1 / 2000 [  0%]  (Warmup)
Chain [2] Iteration:    1 / 2000 [  0%]  (Warmup)
Chain [4] Iteration:    1 / 2000 [  0%]  (Warmup)
Chain [3] Iteration:    1 / 2000 [  0%]  (Warmup)
Chain [2] Iteration:  100 / 2000 [  5%]  (Warmup)
Chain [4] Iteration:  100 / 2000 [  5%]  (Warmup)
Chain [3] Iteration:  100 / 2000 [  5%]  (Warmup)
Chain [1] Iteration:  100 / 2000 [  5%]  (Warmup)
Chain [1] Iteration:  200 / 2000 [ 10%]  (Warmup)
Chain [3] Iteration:  200 / 2000 [ 10%]  (Warmup)
Chain [2] Iteration:  200 / 2000 [ 10%]  (Warmup)
Chain [4] Iteration:  200 / 2000 [ 10%]  (Warmup)
Chain [1] Iteration:  300 / 2000 [ 15%]  (Warmup)
Chain [3] Iteration:  300 / 2000 [ 15%]  (Warmup)
Chain [2] Iteration:  300 / 2000 [ 15%]  (Warmup)
Chain [4] Iteration:  300 / 2000 [ 15%]  (Warmup)
Chain [1] Iteration:  400 / 2000 [ 20%]  (Warmup)
Chain [3] Iteration:  400 / 2000 [ 20%]  (Warmup)
Chain [2] Iteration:  400 / 2000 [ 20%]  (Warmup)
Chain [4] Iteration:  400 / 2000 [ 20%]  (Warmup)
Chain [1] Iteration:  500 / 2000 [ 25%]  (Warmup)
Chain [2] Iteration:  500 / 2000 [ 25%]  (Warmup)
Chain [3] Iteration:  500 / 2000 [ 25%]  (Warmup)
Chain [4] Iteration:  500 / 2000 [ 25%]  (Warmup)
Chain [1] Iteration:  600 / 2000 [ 30%]  (Warmup)
Chain [2] Iteration:  600 / 2000 [ 30%]  (Warmup)
Chain [3] Iteration:  600 / 2000 [ 30%]  (Warmup)
Chain [4] Iteration:  600 / 2000 [ 30%]  (Warmup)
Chain [1] Iteration:  700 / 2000 [ 35%]  (Warmup)
Chain [2] Iteration:  700 / 2000 [ 35%]  (Warmup)
Chain [3] Iteration:  700 / 2000 [ 35%]  (Warmup)
Chain [4] Iteration:  700 / 2000 [ 35%]  (Warmup)
Chain [1] Iteration:  800 / 2000 [ 40%]  (Warmup)
Chain [2] Iteration:  800 / 2000 [ 40%]  (Warmup)
Chain [3] Iteration:  800 / 2000 [ 40%]  (Warmup)
Chain [4] Iteration:  800 / 2000 [ 40%]  (Warmup)
Chain [1] Iteration:  900 / 2000 [ 45%]  (Warmup)
Chain [2] Iteration:  900 / 2000 [ 45%]  (Warmup)
Chain [3] Iteration:  900 / 2000 [ 45%]  (Warmup)
Chain [4] Iteration:  900 / 2000 [ 45%]  (Warmup)
Chain [1] Iteration: 1000 / 2000 [ 50%]  (Warmup)
Chain [1] Iteration: 1001 / 2000 [ 50%]  (Sampling)
Chain [2] Iteration: 1000 / 2000 [ 50%]  (Warmup)
Chain [2] Iteration: 1001 / 2000 [ 50%]  (Sampling)
Chain [3] Iteration: 1000 / 2000 [ 50%]  (Warmup)
Chain [4] Iteration: 1000 / 2000 [ 50%]  (Warmup)
Chain [3] Iteration: 1001 / 2000 [ 50%]  (Sampling)
Chain [4] Iteration: 1001 / 2000 [ 50%]  (Sampling)
Chain [1] Iteration: 1100 / 2000 [ 55%]  (Sampling)
Chain [2] Iteration: 1100 / 2000 [ 55%]  (Sampling)
Chain [3] Iteration: 1100 / 2000 [ 55%]  (Sampling)
Chain [4] Iteration: 1100 / 2000 [ 55%]  (Sampling)
Chain [1] Iteration: 1200 / 2000 [ 60%]  (Sampling)
Chain [2] Iteration: 1200 / 2000 [ 60%]  (Sampling)
Chain [4] Iteration: 1200 / 2000 [ 60%]  (Sampling)
Chain [3] Iteration: 1200 / 2000 [ 60%]  (Sampling)
Chain [1] Iteration: 1300 / 2000 [ 65%]  (Sampling)
Chain [2] Iteration: 1300 / 2000 [ 65%]  (Sampling)
Chain [4] Iteration: 1300 / 2000 [ 65%]  (Sampling)
Chain [3] Iteration: 1300 / 2000 [ 65%]  (Sampling)
Chain [1] Iteration: 1400 / 2000 [ 70%]  (Sampling)
Chain [2] Iteration: 1400 / 2000 [ 70%]  (Sampling)
Chain [4] Iteration: 1400 / 2000 [ 70%]  (Sampling)
Chain [3] Iteration: 1400 / 2000 [ 70%]  (Sampling)
Chain [1] Iteration: 1500 / 2000 [ 75%]  (Sampling)
Chain [2] Iteration: 1500 / 2000 [ 75%]  (Sampling)
Chain [3] Iteration: 1500 / 2000 [ 75%]  (Sampling)
Chain [4] Iteration: 1500 / 2000 [ 75%]  (Sampling)
Chain [1] Iteration: 1600 / 2000 [ 80%]  (Sampling)
Chain [2] Iteration: 1600 / 2000 [ 80%]  (Sampling)
Chain [3] Iteration: 1600 / 2000 [ 80%]  (Sampling)
Chain [4] Iteration: 1600 / 2000 [ 80%]  (Sampling)
Chain [1] Iteration: 1700 / 2000 [ 85%]  (Sampling)
Chain [2] Iteration: 1700 / 2000 [ 85%]  (Sampling)
Chain [3] Iteration: 1700 / 2000 [ 85%]  (Sampling)
Chain [4] Iteration: 1700 / 2000 [ 85%]  (Sampling)
Chain [2] Iteration: 1800 / 2000 [ 90%]  (Sampling)
Chain [1] Iteration: 1800 / 2000 [ 90%]  (Sampling)
Chain [3] Iteration: 1800 / 2000 [ 90%]  (Sampling)
Chain [4] Iteration: 1800 / 2000 [ 90%]  (Sampling)
Chain [2] Iteration: 1900 / 2000 [ 95%]  (Sampling)
Chain [1] Iteration: 1900 / 2000 [ 95%]  (Sampling)
Chain [3] Iteration: 1900 / 2000 [ 95%]  (Sampling)
Chain [2] Iteration: 2000 / 2000 [100%]  (Sampling)

Elapsed Time: 402.316 seconds (Warm-up)
424.015 seconds (Sampling)
826.331 seconds (Total)

Chain [1] Iteration: 2000 / 2000 [100%]  (Sampling)

Elapsed Time: 385.851 seconds (Warm-up)
445.454 seconds (Sampling)
831.305 seconds (Total)

Chain [4] Iteration: 1900 / 2000 [ 95%]  (Sampling)
Chain [3] Iteration: 2000 / 2000 [100%]  (Sampling)

Elapsed Time: 408.661 seconds (Warm-up)
441.737 seconds (Sampling)
850.398 seconds (Total)

Chain [4] Iteration: 2000 / 2000 [100%]  (Sampling)

Elapsed Time: 408.829 seconds (Warm-up)
466.47 seconds (Sampling)
875.299 seconds (Total)








  0%|          | 0/99 [00:00<?, ?it/s][A11:44:25 - cmdstanpy - INFO - CmdStan start processing
11:58:41 - cmdstanpy - INFO - CmdStan done processing
11:58:41 - cmdstanpy - WARNING - Some chains may have failed to converge.
	Chain 1 had 1000 iterations at max treedepth (100.0%)
	Chain 2 had 1000 iterations at max treedepth (100.0%)
	Chain 3 had 1000 iterations at max treedepth (100.0%)
	Chain 4 had 1000 iterations at max treedepth (100.0%)
	Use function "diagnose()" to see further information.

  1%|          | 1/99 [14:24<23:32:09, 864.59s/it][A11:58:49 - cmdstanpy - INFO - CmdStan start processing
12:13:49 - cmdstanpy - INFO - CmdStan done processing
12:13:49 - cmdstanpy - WARNING - Some chains may have failed to converge.
	Chain 1 had 1000 iterations at max treedepth (100.0%)
	Chain 2 had 1000 iterations at max treedepth (100.0%)
	Chain 3 had 1000 iterations at max treedepth (100.0%)
	Chain 4 had 1000 iterations at max treedepth (100.0%)
	Use function "diagnose()" to see further information.

  2%|â–         | 2/99 [29:32<23:59:04, 890.15s/it][A12:13:57 - cmdstanpy - INFO - CmdStan start processing
12:28:00 - cmdstanpy - INFO - CmdStan done processing
12:28:00 - cmdstanpy - WARNING - Some chains may have failed to converge.
	Chain 1 had 1000 iterations at max treedepth (100.0%)
	Chain 2 had 1000 iterations at max treedepth (100.0%)
	Chain 3 had 1000 iterations at max treedepth (100.0%)
	Chain 4 had 1000 iterations at max treedepth (100.0%)
	Use function "diagnose()" to see further information.

  3%|â–Ž         | 3/99 [43:44<23:16:15, 872.67s/it][A12:28:09 - cmdstanpy - INFO - CmdStan start processing
slurmstepd: error: *** JOB 948171 ON pcn-1-64 CANCELLED AT 2022-12-11T12:29:01 ***
